{"/home/runner/work/bitvoker/bitvoker/web/src/App.jsx": {"path":"/home/runner/work/bitvoker/bitvoker/web/src/App.jsx","statementMap":{"0":{"start":{"line":11,"column":38},"end":{"line":11,"column":96}},"1":{"start":{"line":12,"column":38},"end":{"line":12,"column":87}},"2":{"start":{"line":14,"column":46},"end":{"line":14,"column":58}},"3":{"start":{"line":15,"column":28},"end":{"line":15,"column":40}},"4":{"start":{"line":17,"column":38},"end":{"line":20,"column":6}},"5":{"start":{"line":22,"column":18},"end":{"line":22,"column":40}},"6":{"start":{"line":23,"column":21},"end":{"line":23,"column":27}},"7":{"start":{"line":25,"column":4},"end":{"line":33,"column":31}},"8":{"start":{"line":26,"column":8},"end":{"line":26,"column":71}},"9":{"start":{"line":28,"column":8},"end":{"line":32,"column":9}},"10":{"start":{"line":29,"column":12},"end":{"line":29,"column":33}},"11":{"start":{"line":30,"column":15},"end":{"line":32,"column":9}},"12":{"start":{"line":31,"column":12},"end":{"line":31,"column":24}},"13":{"start":{"line":35,"column":31},"end":{"line":50,"column":5}},"14":{"start":{"line":36,"column":8},"end":{"line":36,"column":65}},"15":{"start":{"line":36,"column":30},"end":{"line":36,"column":62}},"16":{"start":{"line":37,"column":8},"end":{"line":49,"column":15}},"17":{"start":{"line":38,"column":25},"end":{"line":38,"column":35}},"18":{"start":{"line":40,"column":16},"end":{"line":42,"column":17}},"19":{"start":{"line":41,"column":20},"end":{"line":41,"column":57}},"20":{"start":{"line":45,"column":16},"end":{"line":45,"column":68}},"21":{"start":{"line":48,"column":16},"end":{"line":48,"column":74}},"22":{"start":{"line":48,"column":38},"end":{"line":48,"column":71}},"23":{"start":{"line":52,"column":22},"end":{"line":67,"column":5}},"24":{"start":{"line":53,"column":8},"end":{"line":53,"column":56}},"25":{"start":{"line":53,"column":30},"end":{"line":53,"column":53}},"26":{"start":{"line":54,"column":8},"end":{"line":66,"column":15}},"27":{"start":{"line":55,"column":25},"end":{"line":55,"column":35}},"28":{"start":{"line":57,"column":16},"end":{"line":59,"column":17}},"29":{"start":{"line":58,"column":20},"end":{"line":58,"column":39}},"30":{"start":{"line":62,"column":16},"end":{"line":62,"column":59}},"31":{"start":{"line":65,"column":16},"end":{"line":65,"column":65}},"32":{"start":{"line":65,"column":38},"end":{"line":65,"column":62}},"33":{"start":{"line":69,"column":24},"end":{"line":73,"column":5}},"34":{"start":{"line":70,"column":25},"end":{"line":70,"column":64}},"35":{"start":{"line":71,"column":8},"end":{"line":71,"column":31}},"36":{"start":{"line":72,"column":8},"end":{"line":72,"column":48}},"37":{"start":{"line":75,"column":28},"end":{"line":85,"column":5}},"38":{"start":{"line":76,"column":8},"end":{"line":76,"column":31}},"39":{"start":{"line":77,"column":8},"end":{"line":77,"column":52}},"40":{"start":{"line":80,"column":8},"end":{"line":84,"column":9}},"41":{"start":{"line":81,"column":12},"end":{"line":81,"column":33}},"42":{"start":{"line":82,"column":15},"end":{"line":84,"column":9}},"43":{"start":{"line":83,"column":12},"end":{"line":83,"column":24}},"44":{"start":{"line":87,"column":4},"end":{"line":139,"column":6}}},"fnMap":{"0":{"name":"App","decl":{"start":{"line":10,"column":9},"end":{"line":10,"column":12}},"loc":{"start":{"line":10,"column":15},"end":{"line":140,"column":1}},"line":10},"1":{"name":"(anonymous_1)","decl":{"start":{"line":25,"column":14},"end":{"line":25,"column":15}},"loc":{"start":{"line":25,"column":20},"end":{"line":33,"column":5}},"line":25},"2":{"name":"(anonymous_2)","decl":{"start":{"line":35,"column":31},"end":{"line":35,"column":32}},"loc":{"start":{"line":35,"column":37},"end":{"line":50,"column":5}},"line":35},"3":{"name":"(anonymous_3)","decl":{"start":{"line":36,"column":21},"end":{"line":36,"column":22}},"loc":{"start":{"line":36,"column":30},"end":{"line":36,"column":62}},"line":36},"4":{"name":"(anonymous_4)","decl":{"start":{"line":38,"column":18},"end":{"line":38,"column":19}},"loc":{"start":{"line":38,"column":25},"end":{"line":38,"column":35}},"line":38},"5":{"name":"(anonymous_5)","decl":{"start":{"line":39,"column":18},"end":{"line":39,"column":19}},"loc":{"start":{"line":39,"column":26},"end":{"line":43,"column":13}},"line":39},"6":{"name":"(anonymous_6)","decl":{"start":{"line":44,"column":19},"end":{"line":44,"column":20}},"loc":{"start":{"line":44,"column":26},"end":{"line":46,"column":13}},"line":44},"7":{"name":"(anonymous_7)","decl":{"start":{"line":47,"column":21},"end":{"line":47,"column":22}},"loc":{"start":{"line":47,"column":27},"end":{"line":49,"column":13}},"line":47},"8":{"name":"(anonymous_8)","decl":{"start":{"line":48,"column":29},"end":{"line":48,"column":30}},"loc":{"start":{"line":48,"column":38},"end":{"line":48,"column":71}},"line":48},"9":{"name":"(anonymous_9)","decl":{"start":{"line":52,"column":22},"end":{"line":52,"column":23}},"loc":{"start":{"line":52,"column":28},"end":{"line":67,"column":5}},"line":52},"10":{"name":"(anonymous_10)","decl":{"start":{"line":53,"column":21},"end":{"line":53,"column":22}},"loc":{"start":{"line":53,"column":30},"end":{"line":53,"column":53}},"line":53},"11":{"name":"(anonymous_11)","decl":{"start":{"line":55,"column":18},"end":{"line":55,"column":19}},"loc":{"start":{"line":55,"column":25},"end":{"line":55,"column":35}},"line":55},"12":{"name":"(anonymous_12)","decl":{"start":{"line":56,"column":18},"end":{"line":56,"column":19}},"loc":{"start":{"line":56,"column":26},"end":{"line":60,"column":13}},"line":56},"13":{"name":"(anonymous_13)","decl":{"start":{"line":61,"column":19},"end":{"line":61,"column":20}},"loc":{"start":{"line":61,"column":26},"end":{"line":63,"column":13}},"line":61},"14":{"name":"(anonymous_14)","decl":{"start":{"line":64,"column":21},"end":{"line":64,"column":22}},"loc":{"start":{"line":64,"column":27},"end":{"line":66,"column":13}},"line":64},"15":{"name":"(anonymous_15)","decl":{"start":{"line":65,"column":29},"end":{"line":65,"column":30}},"loc":{"start":{"line":65,"column":38},"end":{"line":65,"column":62}},"line":65},"16":{"name":"(anonymous_16)","decl":{"start":{"line":69,"column":24},"end":{"line":69,"column":25}},"loc":{"start":{"line":69,"column":30},"end":{"line":73,"column":5}},"line":69},"17":{"name":"(anonymous_17)","decl":{"start":{"line":75,"column":28},"end":{"line":75,"column":29}},"loc":{"start":{"line":75,"column":49},"end":{"line":85,"column":5}},"line":75}},"branchMap":{"0":{"loc":{"start":{"line":11,"column":47},"end":{"line":11,"column":95}},"type":"binary-expr","locations":[{"start":{"line":11,"column":47},"end":{"line":11,"column":80}},{"start":{"line":11,"column":84},"end":{"line":11,"column":95}}],"line":11},"1":{"loc":{"start":{"line":12,"column":47},"end":{"line":12,"column":86}},"type":"binary-expr","locations":[{"start":{"line":12,"column":47},"end":{"line":12,"column":76}},{"start":{"line":12,"column":80},"end":{"line":12,"column":86}}],"line":12},"2":{"loc":{"start":{"line":28,"column":8},"end":{"line":32,"column":9}},"type":"if","locations":[{"start":{"line":28,"column":8},"end":{"line":32,"column":9}},{"start":{"line":30,"column":15},"end":{"line":32,"column":9}}],"line":28},"3":{"loc":{"start":{"line":30,"column":15},"end":{"line":32,"column":9}},"type":"if","locations":[{"start":{"line":30,"column":15},"end":{"line":32,"column":9}},{"start":{},"end":{}}],"line":30},"4":{"loc":{"start":{"line":40,"column":16},"end":{"line":42,"column":17}},"type":"if","locations":[{"start":{"line":40,"column":16},"end":{"line":42,"column":17}},{"start":{},"end":{}}],"line":40},"5":{"loc":{"start":{"line":40,"column":20},"end":{"line":40,"column":46}},"type":"binary-expr","locations":[{"start":{"line":40,"column":20},"end":{"line":40,"column":24}},{"start":{"line":40,"column":28},"end":{"line":40,"column":46}}],"line":40},"6":{"loc":{"start":{"line":57,"column":16},"end":{"line":59,"column":17}},"type":"if","locations":[{"start":{"line":57,"column":16},"end":{"line":59,"column":17}},{"start":{},"end":{}}],"line":57},"7":{"loc":{"start":{"line":57,"column":20},"end":{"line":57,"column":37}},"type":"binary-expr","locations":[{"start":{"line":57,"column":20},"end":{"line":57,"column":24}},{"start":{"line":57,"column":28},"end":{"line":57,"column":37}}],"line":57},"8":{"loc":{"start":{"line":70,"column":25},"end":{"line":70,"column":64}},"type":"cond-expr","locations":[{"start":{"line":70,"column":48},"end":{"line":70,"column":55}},{"start":{"line":70,"column":58},"end":{"line":70,"column":64}}],"line":70},"9":{"loc":{"start":{"line":80,"column":8},"end":{"line":84,"column":9}},"type":"if","locations":[{"start":{"line":80,"column":8},"end":{"line":84,"column":9}},{"start":{"line":82,"column":15},"end":{"line":84,"column":9}}],"line":80},"10":{"loc":{"start":{"line":82,"column":15},"end":{"line":84,"column":9}},"type":"if","locations":[{"start":{"line":82,"column":15},"end":{"line":84,"column":9}},{"start":{},"end":{}}],"line":82},"11":{"loc":{"start":{"line":110,"column":32},"end":{"line":113,"column":34}},"type":"cond-expr","locations":[{"start":{"line":110,"column":84},"end":{"line":113,"column":29}},{"start":{"line":113,"column":32},"end":{"line":113,"column":34}}],"line":110},"12":{"loc":{"start":{"line":110,"column":32},"end":{"line":110,"column":81}},"type":"binary-expr","locations":[{"start":{"line":110,"column":32},"end":{"line":110,"column":57}},{"start":{"line":110,"column":61},"end":{"line":110,"column":81}}],"line":110},"13":{"loc":{"start":{"line":116,"column":25},"end":{"line":122,"column":25}},"type":"binary-expr","locations":[{"start":{"line":116,"column":25},"end":{"line":116,"column":50}},{"start":{"line":117,"column":28},"end":{"line":121,"column":30}}],"line":116},"14":{"loc":{"start":{"line":124,"column":25},"end":{"line":126,"column":25}},"type":"binary-expr","locations":[{"start":{"line":124,"column":25},"end":{"line":124,"column":49}},{"start":{"line":125,"column":28},"end":{"line":125,"column":40}}],"line":124},"15":{"loc":{"start":{"line":128,"column":25},"end":{"line":134,"column":25}},"type":"binary-expr","locations":[{"start":{"line":128,"column":25},"end":{"line":128,"column":45}},{"start":{"line":129,"column":28},"end":{"line":133,"column":30}}],"line":128}},"s":{"0":2,"1":2,"2":2,"3":2,"4":2,"5":2,"6":2,"7":2,"8":1,"9":1,"10":1,"11":0,"12":0,"13":2,"14":1,"15":1,"16":1,"17":0,"18":0,"19":0,"20":0,"21":0,"22":0,"23":2,"24":0,"25":0,"26":0,"27":0,"28":0,"29":0,"30":0,"31":0,"32":0,"33":2,"34":0,"35":0,"36":0,"37":2,"38":0,"39":0,"40":0,"41":0,"42":0,"43":0,"44":2},"f":{"0":2,"1":1,"2":1,"3":1,"4":0,"5":0,"6":0,"7":0,"8":0,"9":0,"10":0,"11":0,"12":0,"13":0,"14":0,"15":0,"16":0,"17":0},"b":{"0":[2,2],"1":[2,2],"2":[1,0],"3":[0,0],"4":[0,0],"5":[0,0],"6":[0,0],"7":[0,0],"8":[0,0],"9":[0,0],"10":[0,0],"11":[2,0],"12":[2,0],"13":[2,2],"14":[2,0],"15":[2,0]},"_coverageSchema":"1a1c01bbd47fc00a2c39e90264f33305004495a9","hash":"c3b7709dd9f44b4d003d1a800abc6bd0fd5807a4"}
,"/home/runner/work/bitvoker/bitvoker/web/src/index.js": {"path":"/home/runner/work/bitvoker/bitvoker/web/src/index.js","statementMap":{"0":{"start":{"line":6,"column":13},"end":{"line":6,"column":65}},"1":{"start":{"line":7,"column":0},"end":{"line":11,"column":2}}},"fnMap":{},"branchMap":{},"s":{"0":0,"1":0},"f":{},"b":{}}
,"/home/runner/work/bitvoker/bitvoker/web/src/theme.js": {"path":"/home/runner/work/bitvoker/bitvoker/web/src/theme.js","statementMap":{"0":{"start":{"line":4,"column":27},"end":{"line":207,"column":1}},"1":{"start":{"line":5,"column":2},"end":{"line":206,"column":5}}},"fnMap":{"0":{"name":"(anonymous_0)","decl":{"start":{"line":4,"column":27},"end":{"line":4,"column":28}},"loc":{"start":{"line":4,"column":37},"end":{"line":207,"column":1}},"line":4}},"branchMap":{"0":{"loc":{"start":{"line":8,"column":10},"end":{"line":88,"column":11}},"type":"cond-expr","locations":[{"start":{"line":9,"column":10},"end":{"line":48,"column":11}},{"start":{"line":49,"column":10},"end":{"line":88,"column":11}}],"line":8},"1":{"loc":{"start":{"line":98,"column":13},"end":{"line":128,"column":15}},"type":"cond-expr","locations":[{"start":{"line":99,"column":14},"end":{"line":113,"column":15}},{"start":{"line":114,"column":14},"end":{"line":128,"column":15}}],"line":98},"2":{"loc":{"start":{"line":132,"column":29},"end":{"line":132,"column":68}},"type":"cond-expr","locations":[{"start":{"line":132,"column":48},"end":{"line":132,"column":56}},{"start":{"line":132,"column":59},"end":{"line":132,"column":68}}],"line":132},"3":{"loc":{"start":{"line":154,"column":31},"end":{"line":154,"column":71}},"type":"cond-expr","locations":[{"start":{"line":154,"column":50},"end":{"line":154,"column":59}},{"start":{"line":154,"column":62},"end":{"line":154,"column":71}}],"line":154},"4":{"loc":{"start":{"line":155,"column":21},"end":{"line":155,"column":61}},"type":"cond-expr","locations":[{"start":{"line":155,"column":40},"end":{"line":155,"column":49}},{"start":{"line":155,"column":52},"end":{"line":155,"column":61}}],"line":155},"5":{"loc":{"start":{"line":156,"column":35},"end":{"line":156,"column":75}},"type":"cond-expr","locations":[{"start":{"line":156,"column":54},"end":{"line":156,"column":63}},{"start":{"line":156,"column":66},"end":{"line":156,"column":75}}],"line":156},"6":{"loc":{"start":{"line":158,"column":33},"end":{"line":158,"column":73}},"type":"cond-expr","locations":[{"start":{"line":158,"column":52},"end":{"line":158,"column":61}},{"start":{"line":158,"column":64},"end":{"line":158,"column":73}}],"line":158},"7":{"loc":{"start":{"line":168,"column":25},"end":{"line":168,"column":65}},"type":"cond-expr","locations":[{"start":{"line":168,"column":44},"end":{"line":168,"column":53}},{"start":{"line":168,"column":56},"end":{"line":168,"column":65}}],"line":168},"8":{"loc":{"start":{"line":173,"column":29},"end":{"line":173,"column":69}},"type":"cond-expr","locations":[{"start":{"line":173,"column":48},"end":{"line":173,"column":57}},{"start":{"line":173,"column":60},"end":{"line":173,"column":69}}],"line":173},"9":{"loc":{"start":{"line":181,"column":29},"end":{"line":181,"column":66}},"type":"cond-expr","locations":[{"start":{"line":181,"column":48},"end":{"line":181,"column":54}},{"start":{"line":181,"column":57},"end":{"line":181,"column":66}}],"line":181},"10":{"loc":{"start":{"line":183,"column":31},"end":{"line":183,"column":71}},"type":"cond-expr","locations":[{"start":{"line":183,"column":50},"end":{"line":183,"column":59}},{"start":{"line":183,"column":62},"end":{"line":183,"column":71}}],"line":183},"11":{"loc":{"start":{"line":184,"column":21},"end":{"line":184,"column":61}},"type":"cond-expr","locations":[{"start":{"line":184,"column":40},"end":{"line":184,"column":49}},{"start":{"line":184,"column":52},"end":{"line":184,"column":61}}],"line":184},"12":{"loc":{"start":{"line":192,"column":29},"end":{"line":192,"column":68}},"type":"cond-expr","locations":[{"start":{"line":192,"column":48},"end":{"line":192,"column":56}},{"start":{"line":192,"column":59},"end":{"line":192,"column":68}}],"line":192}},"s":{"0":1,"1":2},"f":{"0":2},"b":{"0":[0,2],"1":[0,2],"2":[0,2],"3":[0,2],"4":[0,2],"5":[0,2],"6":[0,2],"7":[0,2],"8":[0,2],"9":[0,2],"10":[0,2],"11":[0,2],"12":[0,2]},"_coverageSchema":"1a1c01bbd47fc00a2c39e90264f33305004495a9","hash":"38060f132e359f31cb643986ba47319b546dab7b"}
,"/home/runner/work/bitvoker/bitvoker/web/src/components/Dashboard/Dashboard.jsx": {"path":"/home/runner/work/bitvoker/bitvoker/web/src/components/Dashboard/Dashboard.jsx","statementMap":{"0":{"start":{"line":9,"column":20},"end":{"line":17,"column":2}},"1":{"start":{"line":21,"column":4},"end":{"line":26,"column":20}},"2":{"start":{"line":22,"column":27},"end":{"line":24,"column":17}},"3":{"start":{"line":23,"column":12},"end":{"line":23,"column":39}},"4":{"start":{"line":23,"column":27},"end":{"line":23,"column":39}},"5":{"start":{"line":25,"column":8},"end":{"line":25,"column":47}},"6":{"start":{"line":25,"column":21},"end":{"line":25,"column":46}},"7":{"start":{"line":28,"column":20},"end":{"line":64,"column":5}},"8":{"start":{"line":35,"column":16},"end":{"line":39,"column":17}},"9":{"start":{"line":36,"column":38},"end":{"line":36,"column":68}},"10":{"start":{"line":37,"column":33},"end":{"line":37,"column":52}},"11":{"start":{"line":38,"column":20},"end":{"line":38,"column":64}},"12":{"start":{"line":40,"column":16},"end":{"line":40,"column":28}},"13":{"start":{"line":53,"column":16},"end":{"line":53,"column":57}},"14":{"start":{"line":61,"column":16},"end":{"line":61,"column":57}},"15":{"start":{"line":66,"column":17},"end":{"line":72,"column":7}},"16":{"start":{"line":66,"column":54},"end":{"line":72,"column":5}},"17":{"start":{"line":74,"column":4},"end":{"line":135,"column":6}},"18":{"start":{"line":79,"column":35},"end":{"line":79,"column":71}},"19":{"start":{"line":84,"column":40},"end":{"line":84,"column":46}},"20":{"start":{"line":95,"column":52},"end":{"line":95,"column":88}},"21":{"start":{"line":101,"column":56},"end":{"line":101,"column":88}},"22":{"start":{"line":102,"column":53},"end":{"line":102,"column":89}},"23":{"start":{"line":108,"column":56},"end":{"line":108,"column":86}},"24":{"start":{"line":109,"column":53},"end":{"line":109,"column":89}},"25":{"start":{"line":112,"column":56},"end":{"line":112,"column":88}},"26":{"start":{"line":113,"column":53},"end":{"line":113,"column":89}},"27":{"start":{"line":121,"column":55},"end":{"line":121,"column":85}},"28":{"start":{"line":124,"column":60},"end":{"line":124,"column":81}},"29":{"start":{"line":128,"column":55},"end":{"line":128,"column":83}}},"fnMap":{"0":{"name":"Dashboard","decl":{"start":{"line":19,"column":9},"end":{"line":19,"column":18}},"loc":{"start":{"line":19,"column":65},"end":{"line":136,"column":1}},"line":19},"1":{"name":"(anonymous_1)","decl":{"start":{"line":21,"column":14},"end":{"line":21,"column":15}},"loc":{"start":{"line":21,"column":20},"end":{"line":26,"column":5}},"line":21},"2":{"name":"(anonymous_2)","decl":{"start":{"line":22,"column":39},"end":{"line":22,"column":40}},"loc":{"start":{"line":22,"column":45},"end":{"line":24,"column":9}},"line":22},"3":{"name":"(anonymous_3)","decl":{"start":{"line":25,"column":15},"end":{"line":25,"column":16}},"loc":{"start":{"line":25,"column":21},"end":{"line":25,"column":46}},"line":25},"4":{"name":"(anonymous_4)","decl":{"start":{"line":34,"column":25},"end":{"line":34,"column":26}},"loc":{"start":{"line":34,"column":37},"end":{"line":41,"column":13}},"line":34},"5":{"name":"(anonymous_5)","decl":{"start":{"line":52,"column":24},"end":{"line":52,"column":25}},"loc":{"start":{"line":53,"column":16},"end":{"line":53,"column":57}},"line":53},"6":{"name":"(anonymous_6)","decl":{"start":{"line":60,"column":24},"end":{"line":60,"column":25}},"loc":{"start":{"line":61,"column":16},"end":{"line":61,"column":57}},"line":61},"7":{"name":"(anonymous_7)","decl":{"start":{"line":66,"column":35},"end":{"line":66,"column":36}},"loc":{"start":{"line":66,"column":54},"end":{"line":72,"column":5}},"line":66},"8":{"name":"(anonymous_8)","decl":{"start":{"line":79,"column":24},"end":{"line":79,"column":25}},"loc":{"start":{"line":79,"column":35},"end":{"line":79,"column":71}},"line":79},"9":{"name":"(anonymous_9)","decl":{"start":{"line":84,"column":34},"end":{"line":84,"column":35}},"loc":{"start":{"line":84,"column":40},"end":{"line":84,"column":46}},"line":84},"10":{"name":"(anonymous_10)","decl":{"start":{"line":95,"column":41},"end":{"line":95,"column":42}},"loc":{"start":{"line":95,"column":52},"end":{"line":95,"column":88}},"line":95},"11":{"name":"(anonymous_11)","decl":{"start":{"line":101,"column":45},"end":{"line":101,"column":46}},"loc":{"start":{"line":101,"column":56},"end":{"line":101,"column":88}},"line":101},"12":{"name":"(anonymous_12)","decl":{"start":{"line":102,"column":42},"end":{"line":102,"column":43}},"loc":{"start":{"line":102,"column":53},"end":{"line":102,"column":89}},"line":102},"13":{"name":"(anonymous_13)","decl":{"start":{"line":108,"column":45},"end":{"line":108,"column":46}},"loc":{"start":{"line":108,"column":56},"end":{"line":108,"column":86}},"line":108},"14":{"name":"(anonymous_14)","decl":{"start":{"line":109,"column":42},"end":{"line":109,"column":43}},"loc":{"start":{"line":109,"column":53},"end":{"line":109,"column":89}},"line":109},"15":{"name":"(anonymous_15)","decl":{"start":{"line":112,"column":45},"end":{"line":112,"column":46}},"loc":{"start":{"line":112,"column":56},"end":{"line":112,"column":88}},"line":112},"16":{"name":"(anonymous_16)","decl":{"start":{"line":113,"column":42},"end":{"line":113,"column":43}},"loc":{"start":{"line":113,"column":53},"end":{"line":113,"column":89}},"line":113},"17":{"name":"(anonymous_17)","decl":{"start":{"line":121,"column":44},"end":{"line":121,"column":45}},"loc":{"start":{"line":121,"column":55},"end":{"line":121,"column":85}},"line":121},"18":{"name":"(anonymous_18)","decl":{"start":{"line":124,"column":49},"end":{"line":124,"column":50}},"loc":{"start":{"line":124,"column":60},"end":{"line":124,"column":81}},"line":124},"19":{"name":"(anonymous_19)","decl":{"start":{"line":128,"column":44},"end":{"line":128,"column":45}},"loc":{"start":{"line":128,"column":55},"end":{"line":128,"column":83}},"line":128}},"branchMap":{"0":{"loc":{"start":{"line":19,"column":20},"end":{"line":19,"column":38}},"type":"default-arg","locations":[{"start":{"line":19,"column":36},"end":{"line":19,"column":38}}],"line":19},"1":{"loc":{"start":{"line":19,"column":40},"end":{"line":19,"column":51}},"type":"default-arg","locations":[{"start":{"line":19,"column":49},"end":{"line":19,"column":51}}],"line":19},"2":{"loc":{"start":{"line":23,"column":12},"end":{"line":23,"column":39}},"type":"if","locations":[{"start":{"line":23,"column":12},"end":{"line":23,"column":39}},{"start":{},"end":{}}],"line":23},"3":{"loc":{"start":{"line":35,"column":16},"end":{"line":39,"column":17}},"type":"if","locations":[{"start":{"line":35,"column":16},"end":{"line":39,"column":17}},{"start":{},"end":{}}],"line":35},"4":{"loc":{"start":{"line":35,"column":20},"end":{"line":35,"column":68}},"type":"binary-expr","locations":[{"start":{"line":35,"column":20},"end":{"line":35,"column":52}},{"start":{"line":35,"column":56},"end":{"line":35,"column":68}}],"line":35},"5":{"loc":{"start":{"line":38,"column":27},"end":{"line":38,"column":63}},"type":"cond-expr","locations":[{"start":{"line":38,"column":52},"end":{"line":38,"column":56}},{"start":{"line":38,"column":59},"end":{"line":38,"column":63}}],"line":38},"6":{"loc":{"start":{"line":69,"column":16},"end":{"line":69,"column":37}},"type":"binary-expr","locations":[{"start":{"line":69,"column":16},"end":{"line":69,"column":28}},{"start":{"line":69,"column":32},"end":{"line":69,"column":37}}],"line":69},"7":{"loc":{"start":{"line":70,"column":18},"end":{"line":70,"column":55}},"type":"binary-expr","locations":[{"start":{"line":70,"column":18},"end":{"line":70,"column":32}},{"start":{"line":70,"column":36},"end":{"line":70,"column":49}},{"start":{"line":70,"column":53},"end":{"line":70,"column":55}}],"line":70},"8":{"loc":{"start":{"line":71,"column":12},"end":{"line":71,"column":26}},"type":"binary-expr","locations":[{"start":{"line":71,"column":12},"end":{"line":71,"column":20}},{"start":{"line":71,"column":24},"end":{"line":71,"column":26}}],"line":71}},"s":{"0":1,"1":2,"2":2,"3":0,"4":0,"5":2,"6":2,"7":2,"8":0,"9":0,"10":0,"11":0,"12":0,"13":0,"14":0,"15":2,"16":0,"17":2,"18":2,"19":0,"20":6,"21":6,"22":6,"23":6,"24":6,"25":6,"26":6,"27":6,"28":6,"29":6},"f":{"0":2,"1":2,"2":0,"3":2,"4":0,"5":0,"6":0,"7":0,"8":2,"9":0,"10":6,"11":6,"12":6,"13":6,"14":6,"15":6,"16":6,"17":6,"18":6,"19":6},"b":{"0":[0],"1":[2],"2":[0,0],"3":[0,0],"4":[0,0],"5":[0,0],"6":[0,0],"7":[0,0,0],"8":[0,0]},"_coverageSchema":"1a1c01bbd47fc00a2c39e90264f33305004495a9","hash":"9448ca58cfe2fcf07a817351d5647f810d73310a"}
,"/home/runner/work/bitvoker/bitvoker/web/src/components/Header/Header.jsx": {"path":"/home/runner/work/bitvoker/bitvoker/web/src/components/Header/Header.jsx","statementMap":{"0":{"start":{"line":14,"column":2},"end":{"line":45,"column":4}},"1":{"start":{"line":19,"column":30},"end":{"line":19,"column":62}}},"fnMap":{"0":{"name":"Header","decl":{"start":{"line":13,"column":9},"end":{"line":13,"column":15}},"loc":{"start":{"line":13,"column":40},"end":{"line":46,"column":1}},"line":13},"1":{"name":"(anonymous_1)","decl":{"start":{"line":19,"column":21},"end":{"line":19,"column":22}},"loc":{"start":{"line":19,"column":30},"end":{"line":19,"column":62}},"line":19}},"branchMap":{"0":{"loc":{"start":{"line":41,"column":11},"end":{"line":41,"column":71}},"type":"cond-expr","locations":[{"start":{"line":41,"column":30},"end":{"line":41,"column":49}},{"start":{"line":41,"column":52},"end":{"line":41,"column":71}}],"line":41}},"s":{"0":2,"1":2},"f":{"0":2,"1":2},"b":{"0":[2,0]},"_coverageSchema":"1a1c01bbd47fc00a2c39e90264f33305004495a9","hash":"c6f94e4db2fb6b1a3d7dc1fc2d8a4b2fa21705ea"}
,"/home/runner/work/bitvoker/bitvoker/web/src/components/Logs/Logs.jsx": {"path":"/home/runner/work/bitvoker/bitvoker/web/src/components/Logs/Logs.jsx","statementMap":{"0":{"start":{"line":10,"column":20},"end":{"line":15,"column":2}},"1":{"start":{"line":19,"column":4},"end":{"line":24,"column":20}},"2":{"start":{"line":20,"column":27},"end":{"line":22,"column":17}},"3":{"start":{"line":21,"column":12},"end":{"line":21,"column":39}},"4":{"start":{"line":21,"column":27},"end":{"line":21,"column":39}},"5":{"start":{"line":23,"column":8},"end":{"line":23,"column":47}},"6":{"start":{"line":23,"column":21},"end":{"line":23,"column":46}},"7":{"start":{"line":26,"column":29},"end":{"line":41,"column":5}},"8":{"start":{"line":27,"column":8},"end":{"line":40,"column":9}},"9":{"start":{"line":29,"column":16},"end":{"line":29,"column":61}},"10":{"start":{"line":31,"column":16},"end":{"line":31,"column":59}},"11":{"start":{"line":33,"column":16},"end":{"line":33,"column":59}},"12":{"start":{"line":35,"column":16},"end":{"line":35,"column":57}},"13":{"start":{"line":37,"column":16},"end":{"line":37,"column":77}},"14":{"start":{"line":39,"column":16},"end":{"line":39,"column":26}},"15":{"start":{"line":43,"column":20},"end":{"line":76,"column":5}},"16":{"start":{"line":50,"column":16},"end":{"line":54,"column":17}},"17":{"start":{"line":51,"column":38},"end":{"line":51,"column":68}},"18":{"start":{"line":52,"column":33},"end":{"line":52,"column":52}},"19":{"start":{"line":53,"column":20},"end":{"line":53,"column":64}},"20":{"start":{"line":55,"column":16},"end":{"line":55,"column":28}},"21":{"start":{"line":63,"column":16},"end":{"line":65,"column":29}},"22":{"start":{"line":63,"column":59},"end":{"line":63,"column":96}},"23":{"start":{"line":73,"column":16},"end":{"line":73,"column":57}},"24":{"start":{"line":78,"column":17},"end":{"line":81,"column":7}},"25":{"start":{"line":78,"column":43},"end":{"line":81,"column":5}},"26":{"start":{"line":83,"column":4},"end":{"line":149,"column":6}},"27":{"start":{"line":88,"column":35},"end":{"line":88,"column":71}},"28":{"start":{"line":93,"column":40},"end":{"line":93,"column":46}},"29":{"start":{"line":109,"column":52},"end":{"line":109,"column":88}},"30":{"start":{"line":115,"column":53},"end":{"line":115,"column":89}},"31":{"start":{"line":116,"column":56},"end":{"line":116,"column":88}},"32":{"start":{"line":122,"column":56},"end":{"line":122,"column":86}},"33":{"start":{"line":123,"column":53},"end":{"line":123,"column":89}},"34":{"start":{"line":126,"column":56},"end":{"line":126,"column":88}},"35":{"start":{"line":127,"column":53},"end":{"line":127,"column":89}},"36":{"start":{"line":135,"column":55},"end":{"line":135,"column":85}},"37":{"start":{"line":138,"column":60},"end":{"line":138,"column":81}},"38":{"start":{"line":142,"column":55},"end":{"line":142,"column":83}}},"fnMap":{"0":{"name":"Logs","decl":{"start":{"line":17,"column":9},"end":{"line":17,"column":13}},"loc":{"start":{"line":17,"column":38},"end":{"line":150,"column":1}},"line":17},"1":{"name":"(anonymous_1)","decl":{"start":{"line":19,"column":14},"end":{"line":19,"column":15}},"loc":{"start":{"line":19,"column":20},"end":{"line":24,"column":5}},"line":19},"2":{"name":"(anonymous_2)","decl":{"start":{"line":20,"column":39},"end":{"line":20,"column":40}},"loc":{"start":{"line":20,"column":45},"end":{"line":22,"column":9}},"line":20},"3":{"name":"(anonymous_3)","decl":{"start":{"line":23,"column":15},"end":{"line":23,"column":16}},"loc":{"start":{"line":23,"column":21},"end":{"line":23,"column":46}},"line":23},"4":{"name":"(anonymous_4)","decl":{"start":{"line":26,"column":29},"end":{"line":26,"column":30}},"loc":{"start":{"line":26,"column":47},"end":{"line":41,"column":5}},"line":26},"5":{"name":"(anonymous_5)","decl":{"start":{"line":49,"column":25},"end":{"line":49,"column":26}},"loc":{"start":{"line":49,"column":37},"end":{"line":56,"column":13}},"line":49},"6":{"name":"(anonymous_6)","decl":{"start":{"line":62,"column":24},"end":{"line":62,"column":25}},"loc":{"start":{"line":63,"column":16},"end":{"line":65,"column":29}},"line":63},"7":{"name":"(anonymous_7)","decl":{"start":{"line":63,"column":48},"end":{"line":63,"column":49}},"loc":{"start":{"line":63,"column":59},"end":{"line":63,"column":96}},"line":63},"8":{"name":"(anonymous_8)","decl":{"start":{"line":72,"column":24},"end":{"line":72,"column":25}},"loc":{"start":{"line":73,"column":16},"end":{"line":73,"column":57}},"line":73},"9":{"name":"(anonymous_9)","decl":{"start":{"line":78,"column":26},"end":{"line":78,"column":27}},"loc":{"start":{"line":78,"column":43},"end":{"line":81,"column":5}},"line":78},"10":{"name":"(anonymous_10)","decl":{"start":{"line":88,"column":24},"end":{"line":88,"column":25}},"loc":{"start":{"line":88,"column":35},"end":{"line":88,"column":71}},"line":88},"11":{"name":"(anonymous_11)","decl":{"start":{"line":93,"column":34},"end":{"line":93,"column":35}},"loc":{"start":{"line":93,"column":40},"end":{"line":93,"column":46}},"line":93},"12":{"name":"(anonymous_12)","decl":{"start":{"line":109,"column":41},"end":{"line":109,"column":42}},"loc":{"start":{"line":109,"column":52},"end":{"line":109,"column":88}},"line":109},"13":{"name":"(anonymous_13)","decl":{"start":{"line":115,"column":42},"end":{"line":115,"column":43}},"loc":{"start":{"line":115,"column":53},"end":{"line":115,"column":89}},"line":115},"14":{"name":"(anonymous_14)","decl":{"start":{"line":116,"column":45},"end":{"line":116,"column":46}},"loc":{"start":{"line":116,"column":56},"end":{"line":116,"column":88}},"line":116},"15":{"name":"(anonymous_15)","decl":{"start":{"line":122,"column":45},"end":{"line":122,"column":46}},"loc":{"start":{"line":122,"column":56},"end":{"line":122,"column":86}},"line":122},"16":{"name":"(anonymous_16)","decl":{"start":{"line":123,"column":42},"end":{"line":123,"column":43}},"loc":{"start":{"line":123,"column":53},"end":{"line":123,"column":89}},"line":123},"17":{"name":"(anonymous_17)","decl":{"start":{"line":126,"column":45},"end":{"line":126,"column":46}},"loc":{"start":{"line":126,"column":56},"end":{"line":126,"column":88}},"line":126},"18":{"name":"(anonymous_18)","decl":{"start":{"line":127,"column":42},"end":{"line":127,"column":43}},"loc":{"start":{"line":127,"column":53},"end":{"line":127,"column":89}},"line":127},"19":{"name":"(anonymous_19)","decl":{"start":{"line":135,"column":44},"end":{"line":135,"column":45}},"loc":{"start":{"line":135,"column":55},"end":{"line":135,"column":85}},"line":135},"20":{"name":"(anonymous_20)","decl":{"start":{"line":138,"column":49},"end":{"line":138,"column":50}},"loc":{"start":{"line":138,"column":60},"end":{"line":138,"column":81}},"line":138},"21":{"name":"(anonymous_21)","decl":{"start":{"line":142,"column":44},"end":{"line":142,"column":45}},"loc":{"start":{"line":142,"column":55},"end":{"line":142,"column":83}},"line":142}},"branchMap":{"0":{"loc":{"start":{"line":17,"column":15},"end":{"line":17,"column":24}},"type":"default-arg","locations":[{"start":{"line":17,"column":22},"end":{"line":17,"column":24}}],"line":17},"1":{"loc":{"start":{"line":21,"column":12},"end":{"line":21,"column":39}},"type":"if","locations":[{"start":{"line":21,"column":12},"end":{"line":21,"column":39}},{"start":{},"end":{}}],"line":21},"2":{"loc":{"start":{"line":27,"column":8},"end":{"line":40,"column":9}},"type":"switch","locations":[{"start":{"line":28,"column":12},"end":{"line":29,"column":61}},{"start":{"line":30,"column":12},"end":{"line":31,"column":59}},{"start":{"line":32,"column":12},"end":{"line":33,"column":59}},{"start":{"line":34,"column":12},"end":{"line":35,"column":57}},{"start":{"line":36,"column":12},"end":{"line":37,"column":77}},{"start":{"line":38,"column":12},"end":{"line":39,"column":26}}],"line":27},"3":{"loc":{"start":{"line":50,"column":16},"end":{"line":54,"column":17}},"type":"if","locations":[{"start":{"line":50,"column":16},"end":{"line":54,"column":17}},{"start":{},"end":{}}],"line":50},"4":{"loc":{"start":{"line":50,"column":20},"end":{"line":50,"column":68}},"type":"binary-expr","locations":[{"start":{"line":50,"column":20},"end":{"line":50,"column":52}},{"start":{"line":50,"column":56},"end":{"line":50,"column":68}}],"line":50},"5":{"loc":{"start":{"line":53,"column":27},"end":{"line":53,"column":63}},"type":"cond-expr","locations":[{"start":{"line":53,"column":52},"end":{"line":53,"column":56}},{"start":{"line":53,"column":59},"end":{"line":53,"column":63}}],"line":53}},"s":{"0":1,"1":0,"2":0,"3":0,"4":0,"5":0,"6":0,"7":0,"8":0,"9":0,"10":0,"11":0,"12":0,"13":0,"14":0,"15":0,"16":0,"17":0,"18":0,"19":0,"20":0,"21":0,"22":0,"23":0,"24":0,"25":0,"26":0,"27":0,"28":0,"29":0,"30":0,"31":0,"32":0,"33":0,"34":0,"35":0,"36":0,"37":0,"38":0},"f":{"0":0,"1":0,"2":0,"3":0,"4":0,"5":0,"6":0,"7":0,"8":0,"9":0,"10":0,"11":0,"12":0,"13":0,"14":0,"15":0,"16":0,"17":0,"18":0,"19":0,"20":0,"21":0},"b":{"0":[0],"1":[0,0],"2":[0,0,0,0,0,0],"3":[0,0],"4":[0,0],"5":[0,0]},"_coverageSchema":"1a1c01bbd47fc00a2c39e90264f33305004495a9","hash":"34da0f02c8590323bb866885b076c3161c6c8456"}
,"/home/runner/work/bitvoker/bitvoker/web/src/components/Settings/AIProvider.jsx": {"path":"/home/runner/work/bitvoker/bitvoker/web/src/components/Settings/AIProvider.jsx","statementMap":{"0":{"start":{"line":15,"column":20},"end":{"line":20,"column":3}},"1":{"start":{"line":15,"column":41},"end":{"line":20,"column":1}},"2":{"start":{"line":22,"column":24},"end":{"line":27,"column":3}},"3":{"start":{"line":22,"column":49},"end":{"line":27,"column":1}},"4":{"start":{"line":30,"column":33},"end":{"line":39,"column":5}},"5":{"start":{"line":31,"column":28},"end":{"line":31,"column":42}},"6":{"start":{"line":32,"column":8},"end":{"line":38,"column":12}},"7":{"start":{"line":32,"column":30},"end":{"line":38,"column":9}},"8":{"start":{"line":41,"column":37},"end":{"line":53,"column":5}},"9":{"start":{"line":42,"column":30},"end":{"line":42,"column":38}},"10":{"start":{"line":43,"column":8},"end":{"line":52,"column":12}},"11":{"start":{"line":43,"column":30},"end":{"line":52,"column":9}},"12":{"start":{"line":55,"column":4},"end":{"line":117,"column":6}}},"fnMap":{"0":{"name":"(anonymous_0)","decl":{"start":{"line":15,"column":34},"end":{"line":15,"column":35}},"loc":{"start":{"line":15,"column":41},"end":{"line":20,"column":1}},"line":15},"1":{"name":"(anonymous_1)","decl":{"start":{"line":22,"column":42},"end":{"line":22,"column":43}},"loc":{"start":{"line":22,"column":49},"end":{"line":27,"column":1}},"line":22},"2":{"name":"AIProvider","decl":{"start":{"line":29,"column":9},"end":{"line":29,"column":19}},"loc":{"start":{"line":29,"column":72},"end":{"line":118,"column":1}},"line":29},"3":{"name":"(anonymous_3)","decl":{"start":{"line":30,"column":33},"end":{"line":30,"column":34}},"loc":{"start":{"line":30,"column":40},"end":{"line":39,"column":5}},"line":30},"4":{"name":"(anonymous_4)","decl":{"start":{"line":32,"column":21},"end":{"line":32,"column":22}},"loc":{"start":{"line":32,"column":30},"end":{"line":38,"column":9}},"line":32},"5":{"name":"(anonymous_5)","decl":{"start":{"line":41,"column":37},"end":{"line":41,"column":38}},"loc":{"start":{"line":41,"column":44},"end":{"line":53,"column":5}},"line":41},"6":{"name":"(anonymous_6)","decl":{"start":{"line":43,"column":21},"end":{"line":43,"column":22}},"loc":{"start":{"line":43,"column":30},"end":{"line":52,"column":9}},"line":43}},"branchMap":{},"s":{"0":1,"1":0,"2":1,"3":0,"4":0,"5":0,"6":0,"7":0,"8":0,"9":0,"10":0,"11":0,"12":0},"f":{"0":0,"1":0,"2":0,"3":0,"4":0,"5":0,"6":0},"b":{},"_coverageSchema":"1a1c01bbd47fc00a2c39e90264f33305004495a9","hash":"092d6a1d5e620820370e92bd81596d154811cda5"}
,"/home/runner/work/bitvoker/bitvoker/web/src/components/Settings/DefaultRule.jsx": {"path":"/home/runner/work/bitvoker/bitvoker/web/src/components/Settings/DefaultRule.jsx","statementMap":{"0":{"start":{"line":12,"column":20},"end":{"line":17,"column":3}},"1":{"start":{"line":12,"column":41},"end":{"line":17,"column":1}},"2":{"start":{"line":19,"column":24},"end":{"line":24,"column":3}},"3":{"start":{"line":19,"column":49},"end":{"line":24,"column":1}},"4":{"start":{"line":28,"column":40},"end":{"line":55,"column":5}},"5":{"start":{"line":29,"column":29},"end":{"line":29,"column":45}},"6":{"start":{"line":30,"column":8},"end":{"line":54,"column":11}},"7":{"start":{"line":31,"column":32},"end":{"line":31,"column":85}},"8":{"start":{"line":31,"column":56},"end":{"line":31,"column":84}},"9":{"start":{"line":32,"column":12},"end":{"line":32,"column":42}},"10":{"start":{"line":32,"column":30},"end":{"line":32,"column":42}},"11":{"start":{"line":34,"column":37},"end":{"line":34,"column":87}},"12":{"start":{"line":35,"column":37},"end":{"line":35,"column":69}},"13":{"start":{"line":37,"column":29},"end":{"line":51,"column":14}},"14":{"start":{"line":38,"column":16},"end":{"line":38,"column":62}},"15":{"start":{"line":38,"column":50},"end":{"line":38,"column":62}},"16":{"start":{"line":40,"column":16},"end":{"line":50,"column":18}},"17":{"start":{"line":53,"column":12},"end":{"line":53,"column":48}},"18":{"start":{"line":57,"column":34},"end":{"line":84,"column":5}},"19":{"start":{"line":58,"column":29},"end":{"line":58,"column":45}},"20":{"start":{"line":59,"column":8},"end":{"line":83,"column":11}},"21":{"start":{"line":60,"column":32},"end":{"line":60,"column":85}},"22":{"start":{"line":60,"column":56},"end":{"line":60,"column":84}},"23":{"start":{"line":61,"column":12},"end":{"line":61,"column":42}},"24":{"start":{"line":61,"column":30},"end":{"line":61,"column":42}},"25":{"start":{"line":63,"column":37},"end":{"line":63,"column":87}},"26":{"start":{"line":64,"column":37},"end":{"line":64,"column":69}},"27":{"start":{"line":66,"column":29},"end":{"line":80,"column":14}},"28":{"start":{"line":67,"column":16},"end":{"line":67,"column":62}},"29":{"start":{"line":67,"column":50},"end":{"line":67,"column":62}},"30":{"start":{"line":69,"column":16},"end":{"line":79,"column":18}},"31":{"start":{"line":82,"column":12},"end":{"line":82,"column":48}},"32":{"start":{"line":86,"column":34},"end":{"line":96,"column":5}},"33":{"start":{"line":87,"column":21},"end":{"line":87,"column":35}},"34":{"start":{"line":88,"column":8},"end":{"line":95,"column":12}},"35":{"start":{"line":88,"column":30},"end":{"line":95,"column":9}},"36":{"start":{"line":91,"column":16},"end":{"line":93,"column":26}},"37":{"start":{"line":98,"column":4},"end":{"line":179,"column":6}}},"fnMap":{"0":{"name":"(anonymous_0)","decl":{"start":{"line":12,"column":34},"end":{"line":12,"column":35}},"loc":{"start":{"line":12,"column":41},"end":{"line":17,"column":1}},"line":12},"1":{"name":"(anonymous_1)","decl":{"start":{"line":19,"column":42},"end":{"line":19,"column":43}},"loc":{"start":{"line":19,"column":49},"end":{"line":24,"column":1}},"line":19},"2":{"name":"DefaultRule","decl":{"start":{"line":26,"column":9},"end":{"line":26,"column":20}},"loc":{"start":{"line":26,"column":76},"end":{"line":180,"column":1}},"line":26},"3":{"name":"(anonymous_3)","decl":{"start":{"line":28,"column":40},"end":{"line":28,"column":41}},"loc":{"start":{"line":28,"column":47},"end":{"line":55,"column":5}},"line":28},"4":{"name":"(anonymous_4)","decl":{"start":{"line":30,"column":21},"end":{"line":30,"column":22}},"loc":{"start":{"line":30,"column":29},"end":{"line":54,"column":9}},"line":30},"5":{"name":"(anonymous_5)","decl":{"start":{"line":31,"column":48},"end":{"line":31,"column":49}},"loc":{"start":{"line":31,"column":56},"end":{"line":31,"column":84}},"line":31},"6":{"name":"(anonymous_6)","decl":{"start":{"line":37,"column":44},"end":{"line":37,"column":45}},"loc":{"start":{"line":37,"column":52},"end":{"line":51,"column":13}},"line":37},"7":{"name":"(anonymous_7)","decl":{"start":{"line":57,"column":34},"end":{"line":57,"column":35}},"loc":{"start":{"line":57,"column":41},"end":{"line":84,"column":5}},"line":57},"8":{"name":"(anonymous_8)","decl":{"start":{"line":59,"column":21},"end":{"line":59,"column":22}},"loc":{"start":{"line":59,"column":29},"end":{"line":83,"column":9}},"line":59},"9":{"name":"(anonymous_9)","decl":{"start":{"line":60,"column":48},"end":{"line":60,"column":49}},"loc":{"start":{"line":60,"column":56},"end":{"line":60,"column":84}},"line":60},"10":{"name":"(anonymous_10)","decl":{"start":{"line":66,"column":44},"end":{"line":66,"column":45}},"loc":{"start":{"line":66,"column":52},"end":{"line":80,"column":13}},"line":66},"11":{"name":"(anonymous_11)","decl":{"start":{"line":86,"column":34},"end":{"line":86,"column":35}},"loc":{"start":{"line":86,"column":41},"end":{"line":96,"column":5}},"line":86},"12":{"name":"(anonymous_12)","decl":{"start":{"line":88,"column":21},"end":{"line":88,"column":22}},"loc":{"start":{"line":88,"column":30},"end":{"line":95,"column":9}},"line":88},"13":{"name":"(anonymous_13)","decl":{"start":{"line":90,"column":34},"end":{"line":90,"column":35}},"loc":{"start":{"line":91,"column":16},"end":{"line":93,"column":26}},"line":91}},"branchMap":{"0":{"loc":{"start":{"line":32,"column":12},"end":{"line":32,"column":42}},"type":"if","locations":[{"start":{"line":32,"column":12},"end":{"line":32,"column":42}},{"start":{},"end":{}}],"line":32},"1":{"loc":{"start":{"line":34,"column":37},"end":{"line":34,"column":87}},"type":"binary-expr","locations":[{"start":{"line":34,"column":37},"end":{"line":34,"column":78}},{"start":{"line":34,"column":82},"end":{"line":34,"column":87}}],"line":34},"2":{"loc":{"start":{"line":35,"column":37},"end":{"line":35,"column":69}},"type":"binary-expr","locations":[{"start":{"line":35,"column":37},"end":{"line":35,"column":49}},{"start":{"line":35,"column":53},"end":{"line":35,"column":69}}],"line":35},"3":{"loc":{"start":{"line":38,"column":16},"end":{"line":38,"column":62}},"type":"if","locations":[{"start":{"line":38,"column":16},"end":{"line":38,"column":62}},{"start":{},"end":{}}],"line":38},"4":{"loc":{"start":{"line":61,"column":12},"end":{"line":61,"column":42}},"type":"if","locations":[{"start":{"line":61,"column":12},"end":{"line":61,"column":42}},{"start":{},"end":{}}],"line":61},"5":{"loc":{"start":{"line":63,"column":37},"end":{"line":63,"column":87}},"type":"binary-expr","locations":[{"start":{"line":63,"column":37},"end":{"line":63,"column":78}},{"start":{"line":63,"column":82},"end":{"line":63,"column":87}}],"line":63},"6":{"loc":{"start":{"line":64,"column":37},"end":{"line":64,"column":69}},"type":"binary-expr","locations":[{"start":{"line":64,"column":37},"end":{"line":64,"column":49}},{"start":{"line":64,"column":53},"end":{"line":64,"column":69}}],"line":64},"7":{"loc":{"start":{"line":67,"column":16},"end":{"line":67,"column":62}},"type":"if","locations":[{"start":{"line":67,"column":16},"end":{"line":67,"column":62}},{"start":{},"end":{}}],"line":67},"8":{"loc":{"start":{"line":91,"column":16},"end":{"line":93,"column":26}},"type":"cond-expr","locations":[{"start":{"line":92,"column":22},"end":{"line":92,"column":50}},{"start":{"line":93,"column":22},"end":{"line":93,"column":26}}],"line":91},"9":{"loc":{"start":{"line":158,"column":31},"end":{"line":158,"column":78}},"type":"cond-expr","locations":[{"start":{"line":158,"column":44},"end":{"line":158,"column":66}},{"start":{"line":158,"column":69},"end":{"line":158,"column":78}}],"line":158}},"s":{"0":1,"1":0,"2":1,"3":0,"4":0,"5":0,"6":0,"7":0,"8":0,"9":0,"10":0,"11":0,"12":0,"13":0,"14":0,"15":0,"16":0,"17":0,"18":0,"19":0,"20":0,"21":0,"22":0,"23":0,"24":0,"25":0,"26":0,"27":0,"28":0,"29":0,"30":0,"31":0,"32":0,"33":0,"34":0,"35":0,"36":0,"37":0},"f":{"0":0,"1":0,"2":0,"3":0,"4":0,"5":0,"6":0,"7":0,"8":0,"9":0,"10":0,"11":0,"12":0,"13":0},"b":{"0":[0,0],"1":[0,0],"2":[0,0],"3":[0,0],"4":[0,0],"5":[0,0],"6":[0,0],"7":[0,0],"8":[0,0],"9":[0,0]},"_coverageSchema":"1a1c01bbd47fc00a2c39e90264f33305004495a9","hash":"a1aa5be05611003c13f29600997f519d64299317"}
,"/home/runner/work/bitvoker/bitvoker/web/src/components/Settings/DestinationEditor.jsx": {"path":"/home/runner/work/bitvoker/bitvoker/web/src/components/Settings/DestinationEditor.jsx","statementMap":{"0":{"start":{"line":6,"column":0},"end":{"line":8,"column":159}},"1":{"start":{"line":10,"column":37},"end":{"line":15,"column":5}},"2":{"start":{"line":11,"column":8},"end":{"line":14,"column":12}},"3":{"start":{"line":11,"column":30},"end":{"line":14,"column":9}},"4":{"start":{"line":17,"column":33},"end":{"line":36,"column":5}},"5":{"start":{"line":18,"column":8},"end":{"line":20,"column":9}},"6":{"start":{"line":19,"column":13},"end":{"line":19,"column":52}},"7":{"start":{"line":21,"column":8},"end":{"line":23,"column":9}},"8":{"start":{"line":22,"column":12},"end":{"line":22,"column":83}},"9":{"start":{"line":24,"column":8},"end":{"line":34,"column":9}},"10":{"start":{"line":25,"column":12},"end":{"line":27,"column":13}},"11":{"start":{"line":26,"column":16},"end":{"line":26,"column":119}},"12":{"start":{"line":28,"column":12},"end":{"line":30,"column":13}},"13":{"start":{"line":29,"column":16},"end":{"line":29,"column":76}},"14":{"start":{"line":31,"column":12},"end":{"line":33,"column":13}},"15":{"start":{"line":32,"column":16},"end":{"line":32,"column":101}},"16":{"start":{"line":35,"column":8},"end":{"line":35,"column":18}},"17":{"start":{"line":38,"column":4},"end":{"line":47,"column":6}}},"fnMap":{"0":{"name":"DestinationEditor","decl":{"start":{"line":4,"column":9},"end":{"line":4,"column":26}},"loc":{"start":{"line":4,"column":59},"end":{"line":48,"column":1}},"line":4},"1":{"name":"(anonymous_1)","decl":{"start":{"line":10,"column":37},"end":{"line":10,"column":38}},"loc":{"start":{"line":10,"column":62},"end":{"line":15,"column":5}},"line":10},"2":{"name":"(anonymous_2)","decl":{"start":{"line":11,"column":21},"end":{"line":11,"column":22}},"loc":{"start":{"line":11,"column":30},"end":{"line":14,"column":9}},"line":11},"3":{"name":"(anonymous_3)","decl":{"start":{"line":17,"column":33},"end":{"line":17,"column":34}},"loc":{"start":{"line":17,"column":43},"end":{"line":36,"column":5}},"line":17}},"branchMap":{"0":{"loc":{"start":{"line":18,"column":8},"end":{"line":20,"column":9}},"type":"if","locations":[{"start":{"line":18,"column":8},"end":{"line":20,"column":9}},{"start":{},"end":{}}],"line":18},"1":{"loc":{"start":{"line":18,"column":12},"end":{"line":18,"column":47}},"type":"binary-expr","locations":[{"start":{"line":18,"column":12},"end":{"line":18,"column":25}},{"start":{"line":18,"column":29},"end":{"line":18,"column":47}}],"line":18},"2":{"loc":{"start":{"line":21,"column":8},"end":{"line":23,"column":9}},"type":"if","locations":[{"start":{"line":21,"column":8},"end":{"line":23,"column":9}},{"start":{},"end":{}}],"line":21},"3":{"loc":{"start":{"line":25,"column":12},"end":{"line":27,"column":13}},"type":"if","locations":[{"start":{"line":25,"column":12},"end":{"line":27,"column":13}},{"start":{},"end":{}}],"line":25},"4":{"loc":{"start":{"line":28,"column":12},"end":{"line":30,"column":13}},"type":"if","locations":[{"start":{"line":28,"column":12},"end":{"line":30,"column":13}},{"start":{},"end":{}}],"line":28},"5":{"loc":{"start":{"line":31,"column":12},"end":{"line":33,"column":13}},"type":"if","locations":[{"start":{"line":31,"column":12},"end":{"line":33,"column":13}},{"start":{},"end":{}}],"line":31},"6":{"loc":{"start":{"line":31,"column":16},"end":{"line":31,"column":39}},"type":"binary-expr","locations":[{"start":{"line":31,"column":16},"end":{"line":31,"column":26}},{"start":{"line":31,"column":30},"end":{"line":31,"column":39}}],"line":31}},"s":{"0":0,"1":0,"2":0,"3":0,"4":0,"5":0,"6":0,"7":0,"8":0,"9":0,"10":0,"11":0,"12":0,"13":0,"14":0,"15":0,"16":0,"17":0},"f":{"0":0,"1":0,"2":0,"3":0},"b":{"0":[0,0],"1":[0,0],"2":[0,0],"3":[0,0],"4":[0,0],"5":[0,0],"6":[0,0]},"_coverageSchema":"1a1c01bbd47fc00a2c39e90264f33305004495a9","hash":"cf31b61a29e4c0e3f38b506f325bc4e41ddf0d6a"}
,"/home/runner/work/bitvoker/bitvoker/web/src/components/Settings/DownloadConfig.jsx": {"path":"/home/runner/work/bitvoker/bitvoker/web/src/components/Settings/DownloadConfig.jsx","statementMap":{"0":{"start":{"line":6,"column":23},"end":{"line":34,"column":1}},"1":{"start":{"line":7,"column":31},"end":{"line":22,"column":5}},"2":{"start":{"line":8,"column":8},"end":{"line":21,"column":9}},"3":{"start":{"line":9,"column":32},"end":{"line":9,"column":53}},"4":{"start":{"line":10,"column":25},"end":{"line":10,"column":69}},"5":{"start":{"line":11,"column":24},"end":{"line":11,"column":49}},"6":{"start":{"line":12,"column":25},"end":{"line":12,"column":52}},"7":{"start":{"line":13,"column":12},"end":{"line":13,"column":28}},"8":{"start":{"line":14,"column":12},"end":{"line":14,"column":42}},"9":{"start":{"line":15,"column":12},"end":{"line":15,"column":44}},"10":{"start":{"line":16,"column":12},"end":{"line":16,"column":25}},"11":{"start":{"line":17,"column":12},"end":{"line":17,"column":44}},"12":{"start":{"line":18,"column":12},"end":{"line":18,"column":37}},"13":{"start":{"line":20,"column":12},"end":{"line":20,"column":62}},"14":{"start":{"line":24,"column":4},"end":{"line":33,"column":6}}},"fnMap":{"0":{"name":"(anonymous_0)","decl":{"start":{"line":6,"column":23},"end":{"line":6,"column":24}},"loc":{"start":{"line":6,"column":41},"end":{"line":34,"column":1}},"line":6},"1":{"name":"(anonymous_1)","decl":{"start":{"line":7,"column":31},"end":{"line":7,"column":32}},"loc":{"start":{"line":7,"column":37},"end":{"line":22,"column":5}},"line":7}},"branchMap":{},"s":{"0":1,"1":0,"2":0,"3":0,"4":0,"5":0,"6":0,"7":0,"8":0,"9":0,"10":0,"11":0,"12":0,"13":0,"14":0},"f":{"0":0,"1":0},"b":{},"_coverageSchema":"1a1c01bbd47fc00a2c39e90264f33305004495a9","hash":"1c7d79823576a8b0b5d36c04bc754bd4d0194d17"}
,"/home/runner/work/bitvoker/bitvoker/web/src/components/Settings/RuleEditor.jsx": {"path":"/home/runner/work/bitvoker/bitvoker/web/src/components/Settings/RuleEditor.jsx","statementMap":{"0":{"start":{"line":5,"column":25},"end":{"line":7,"column":15}},"1":{"start":{"line":6,"column":8},"end":{"line":6,"column":74}},"2":{"start":{"line":6,"column":36},"end":{"line":6,"column":72}},"3":{"start":{"line":9,"column":24},"end":{"line":9,"column":96}},"4":{"start":{"line":9,"column":38},"end":{"line":9,"column":86}},"5":{"start":{"line":9,"column":57},"end":{"line":9,"column":85}},"6":{"start":{"line":11,"column":29},"end":{"line":19,"column":5}},"7":{"start":{"line":12,"column":25},"end":{"line":14,"column":33}},"8":{"start":{"line":15,"column":8},"end":{"line":18,"column":12}},"9":{"start":{"line":15,"column":30},"end":{"line":18,"column":9}},"10":{"start":{"line":21,"column":26},"end":{"line":63,"column":21}},"11":{"start":{"line":22,"column":8},"end":{"line":24,"column":9}},"12":{"start":{"line":23,"column":12},"end":{"line":23,"column":87}},"13":{"start":{"line":25,"column":8},"end":{"line":27,"column":9}},"14":{"start":{"line":26,"column":12},"end":{"line":26,"column":51}},"15":{"start":{"line":28,"column":8},"end":{"line":30,"column":9}},"16":{"start":{"line":29,"column":12},"end":{"line":29,"column":83}},"17":{"start":{"line":32,"column":39},"end":{"line":50,"column":9}},"18":{"start":{"line":33,"column":12},"end":{"line":35,"column":13}},"19":{"start":{"line":34,"column":16},"end":{"line":34,"column":73}},"20":{"start":{"line":36,"column":12},"end":{"line":48,"column":13}},"21":{"start":{"line":37,"column":16},"end":{"line":39,"column":17}},"22":{"start":{"line":38,"column":20},"end":{"line":38,"column":61}},"23":{"start":{"line":40,"column":36},"end":{"line":40,"column":53}},"24":{"start":{"line":41,"column":34},"end":{"line":41,"column":51}},"25":{"start":{"line":42,"column":16},"end":{"line":47,"column":17}},"26":{"start":{"line":43,"column":40},"end":{"line":43,"column":104}},"27":{"start":{"line":44,"column":20},"end":{"line":46,"column":21}},"28":{"start":{"line":45,"column":24},"end":{"line":45,"column":43}},"29":{"start":{"line":49,"column":12},"end":{"line":49,"column":24}},"30":{"start":{"line":52,"column":8},"end":{"line":61,"column":9}},"31":{"start":{"line":53,"column":29},"end":{"line":53,"column":45}},"32":{"start":{"line":54,"column":12},"end":{"line":56,"column":13}},"33":{"start":{"line":55,"column":16},"end":{"line":55,"column":74}},"34":{"start":{"line":57,"column":26},"end":{"line":57,"column":77}},"35":{"start":{"line":58,"column":12},"end":{"line":60,"column":13}},"36":{"start":{"line":59,"column":16},"end":{"line":59,"column":29}},"37":{"start":{"line":62,"column":8},"end":{"line":62,"column":18}},"38":{"start":{"line":66,"column":8},"end":{"line":86,"column":151}},"39":{"start":{"line":88,"column":4},"end":{"line":97,"column":6}}},"fnMap":{"0":{"name":"RuleEditor","decl":{"start":{"line":4,"column":9},"end":{"line":4,"column":19}},"loc":{"start":{"line":4,"column":43},"end":{"line":98,"column":1}},"line":4},"1":{"name":"(anonymous_1)","decl":{"start":{"line":5,"column":33},"end":{"line":5,"column":34}},"loc":{"start":{"line":5,"column":39},"end":{"line":7,"column":5}},"line":5},"2":{"name":"(anonymous_2)","decl":{"start":{"line":6,"column":28},"end":{"line":6,"column":29}},"loc":{"start":{"line":6,"column":36},"end":{"line":6,"column":72}},"line":6},"3":{"name":"(anonymous_3)","decl":{"start":{"line":9,"column":32},"end":{"line":9,"column":33}},"loc":{"start":{"line":9,"column":38},"end":{"line":9,"column":86}},"line":9},"4":{"name":"(anonymous_4)","decl":{"start":{"line":9,"column":49},"end":{"line":9,"column":50}},"loc":{"start":{"line":9,"column":57},"end":{"line":9,"column":85}},"line":9},"5":{"name":"(anonymous_5)","decl":{"start":{"line":11,"column":29},"end":{"line":11,"column":30}},"loc":{"start":{"line":11,"column":54},"end":{"line":19,"column":5}},"line":11},"6":{"name":"(anonymous_6)","decl":{"start":{"line":15,"column":21},"end":{"line":15,"column":22}},"loc":{"start":{"line":15,"column":30},"end":{"line":18,"column":9}},"line":15},"7":{"name":"(anonymous_7)","decl":{"start":{"line":21,"column":38},"end":{"line":21,"column":39}},"loc":{"start":{"line":21,"column":48},"end":{"line":63,"column":5}},"line":21},"8":{"name":"(anonymous_8)","decl":{"start":{"line":32,"column":39},"end":{"line":32,"column":40}},"loc":{"start":{"line":32,"column":77},"end":{"line":50,"column":9}},"line":32}},"branchMap":{"0":{"loc":{"start":{"line":6,"column":36},"end":{"line":6,"column":72}},"type":"binary-expr","locations":[{"start":{"line":6,"column":36},"end":{"line":6,"column":40}},{"start":{"line":6,"column":44},"end":{"line":6,"column":72}}],"line":6},"1":{"loc":{"start":{"line":12,"column":25},"end":{"line":14,"column":33}},"type":"cond-expr","locations":[{"start":{"line":13,"column":14},"end":{"line":13,"column":51}},{"start":{"line":14,"column":14},"end":{"line":14,"column":33}}],"line":12},"2":{"loc":{"start":{"line":22,"column":8},"end":{"line":24,"column":9}},"type":"if","locations":[{"start":{"line":22,"column":8},"end":{"line":24,"column":9}},{"start":{},"end":{}}],"line":22},"3":{"loc":{"start":{"line":25,"column":8},"end":{"line":27,"column":9}},"type":"if","locations":[{"start":{"line":25,"column":8},"end":{"line":27,"column":9}},{"start":{},"end":{}}],"line":25},"4":{"loc":{"start":{"line":25,"column":12},"end":{"line":25,"column":47}},"type":"binary-expr","locations":[{"start":{"line":25,"column":12},"end":{"line":25,"column":25}},{"start":{"line":25,"column":29},"end":{"line":25,"column":47}}],"line":25},"5":{"loc":{"start":{"line":28,"column":8},"end":{"line":30,"column":9}},"type":"if","locations":[{"start":{"line":28,"column":8},"end":{"line":30,"column":9}},{"start":{},"end":{}}],"line":28},"6":{"loc":{"start":{"line":33,"column":12},"end":{"line":35,"column":13}},"type":"if","locations":[{"start":{"line":33,"column":12},"end":{"line":35,"column":13}},{"start":{},"end":{}}],"line":33},"7":{"loc":{"start":{"line":33,"column":16},"end":{"line":33,"column":73}},"type":"binary-expr","locations":[{"start":{"line":33,"column":16},"end":{"line":33,"column":48}},{"start":{"line":33,"column":52},"end":{"line":33,"column":73}}],"line":33},"8":{"loc":{"start":{"line":37,"column":16},"end":{"line":39,"column":17}},"type":"if","locations":[{"start":{"line":37,"column":16},"end":{"line":39,"column":17}},{"start":{},"end":{}}],"line":37},"9":{"loc":{"start":{"line":42,"column":16},"end":{"line":47,"column":17}},"type":"if","locations":[{"start":{"line":42,"column":16},"end":{"line":47,"column":17}},{"start":{},"end":{}}],"line":42},"10":{"loc":{"start":{"line":42,"column":20},"end":{"line":42,"column":106}},"type":"binary-expr","locations":[{"start":{"line":42,"column":20},"end":{"line":42,"column":51}},{"start":{"line":42,"column":55},"end":{"line":42,"column":75}},{"start":{"line":42,"column":79},"end":{"line":42,"column":106}}],"line":42},"11":{"loc":{"start":{"line":44,"column":20},"end":{"line":46,"column":21}},"type":"if","locations":[{"start":{"line":44,"column":20},"end":{"line":46,"column":21}},{"start":{},"end":{}}],"line":44},"12":{"loc":{"start":{"line":54,"column":12},"end":{"line":56,"column":13}},"type":"if","locations":[{"start":{"line":54,"column":12},"end":{"line":56,"column":13}},{"start":{},"end":{}}],"line":54},"13":{"loc":{"start":{"line":58,"column":12},"end":{"line":60,"column":13}},"type":"if","locations":[{"start":{"line":58,"column":12},"end":{"line":60,"column":13}},{"start":{},"end":{}}],"line":58}},"s":{"0":0,"1":0,"2":0,"3":0,"4":0,"5":0,"6":0,"7":0,"8":0,"9":0,"10":0,"11":0,"12":0,"13":0,"14":0,"15":0,"16":0,"17":0,"18":0,"19":0,"20":0,"21":0,"22":0,"23":0,"24":0,"25":0,"26":0,"27":0,"28":0,"29":0,"30":0,"31":0,"32":0,"33":0,"34":0,"35":0,"36":0,"37":0,"38":0,"39":0},"f":{"0":0,"1":0,"2":0,"3":0,"4":0,"5":0,"6":0,"7":0,"8":0},"b":{"0":[0,0],"1":[0,0],"2":[0,0],"3":[0,0],"4":[0,0],"5":[0,0],"6":[0,0],"7":[0,0],"8":[0,0],"9":[0,0],"10":[0,0,0],"11":[0,0],"12":[0,0],"13":[0,0]},"_coverageSchema":"1a1c01bbd47fc00a2c39e90264f33305004495a9","hash":"8cf2839647b6d6d249cd2409c96fedc241748f97"}
,"/home/runner/work/bitvoker/bitvoker/web/src/components/Settings/Settings.jsx": {"path":"/home/runner/work/bitvoker/bitvoker/web/src/components/Settings/Settings.jsx","statementMap":{"0":{"start":{"line":12,"column":20},"end":{"line":17,"column":3}},"1":{"start":{"line":12,"column":50},"end":{"line":17,"column":1}},"2":{"start":{"line":20,"column":34},"end":{"line":20,"column":48}},"3":{"start":{"line":21,"column":32},"end":{"line":21,"column":47}},"4":{"start":{"line":22,"column":40},"end":{"line":22,"column":54}},"5":{"start":{"line":23,"column":36},"end":{"line":23,"column":93}},"6":{"start":{"line":25,"column":24},"end":{"line":44,"column":5}},"7":{"start":{"line":26,"column":8},"end":{"line":43,"column":9}},"8":{"start":{"line":27,"column":12},"end":{"line":27,"column":29}},"9":{"start":{"line":28,"column":29},"end":{"line":28,"column":55}},"10":{"start":{"line":29,"column":12},"end":{"line":31,"column":13}},"11":{"start":{"line":30,"column":16},"end":{"line":30,"column":76}},"12":{"start":{"line":32,"column":25},"end":{"line":32,"column":46}},"13":{"start":{"line":33,"column":12},"end":{"line":33,"column":32}},"14":{"start":{"line":35,"column":12},"end":{"line":35,"column":58}},"15":{"start":{"line":36,"column":12},"end":{"line":40,"column":15}},"16":{"start":{"line":42,"column":12},"end":{"line":42,"column":30}},"17":{"start":{"line":46,"column":4},"end":{"line":48,"column":11}},"18":{"start":{"line":47,"column":8},"end":{"line":47,"column":22}},"19":{"start":{"line":50,"column":25},"end":{"line":82,"column":5}},"20":{"start":{"line":51,"column":8},"end":{"line":51,"column":27}},"21":{"start":{"line":52,"column":8},"end":{"line":52,"column":24}},"22":{"start":{"line":53,"column":8},"end":{"line":81,"column":9}},"23":{"start":{"line":54,"column":29},"end":{"line":60,"column":14}},"24":{"start":{"line":62,"column":12},"end":{"line":64,"column":13}},"25":{"start":{"line":63,"column":16},"end":{"line":63,"column":76}},"26":{"start":{"line":66,"column":12},"end":{"line":66,"column":32}},"27":{"start":{"line":67,"column":12},"end":{"line":71,"column":15}},"28":{"start":{"line":73,"column":12},"end":{"line":73,"column":59}},"29":{"start":{"line":74,"column":12},"end":{"line":78,"column":15}},"30":{"start":{"line":80,"column":12},"end":{"line":80,"column":29}},"31":{"start":{"line":84,"column":25},"end":{"line":86,"column":5}},"32":{"start":{"line":85,"column":8},"end":{"line":85,"column":45}},"33":{"start":{"line":85,"column":30},"end":{"line":85,"column":43}},"34":{"start":{"line":88,"column":32},"end":{"line":90,"column":5}},"35":{"start":{"line":89,"column":8},"end":{"line":89,"column":48}},"36":{"start":{"line":99,"column":8},"end":{"line":109,"column":20}},"37":{"start":{"line":100,"column":28},"end":{"line":100,"column":89}},"38":{"start":{"line":100,"column":57},"end":{"line":100,"column":82}},"39":{"start":{"line":101,"column":8},"end":{"line":108,"column":10}},"40":{"start":{"line":111,"column":4},"end":{"line":117,"column":5}},"41":{"start":{"line":112,"column":8},"end":{"line":116,"column":10}},"42":{"start":{"line":119,"column":4},"end":{"line":188,"column":6}}},"fnMap":{"0":{"name":"(anonymous_0)","decl":{"start":{"line":12,"column":34},"end":{"line":12,"column":35}},"loc":{"start":{"line":12,"column":50},"end":{"line":17,"column":1}},"line":12},"1":{"name":"Settings","decl":{"start":{"line":19,"column":9},"end":{"line":19,"column":17}},"loc":{"start":{"line":19,"column":20},"end":{"line":189,"column":1}},"line":19},"2":{"name":"(anonymous_2)","decl":{"start":{"line":25,"column":24},"end":{"line":25,"column":25}},"loc":{"start":{"line":25,"column":36},"end":{"line":44,"column":5}},"line":25},"3":{"name":"(anonymous_3)","decl":{"start":{"line":46,"column":14},"end":{"line":46,"column":15}},"loc":{"start":{"line":46,"column":20},"end":{"line":48,"column":5}},"line":46},"4":{"name":"(anonymous_4)","decl":{"start":{"line":50,"column":25},"end":{"line":50,"column":26}},"loc":{"start":{"line":50,"column":38},"end":{"line":82,"column":5}},"line":50},"5":{"name":"(anonymous_5)","decl":{"start":{"line":84,"column":25},"end":{"line":84,"column":26}},"loc":{"start":{"line":84,"column":38},"end":{"line":86,"column":5}},"line":84},"6":{"name":"(anonymous_6)","decl":{"start":{"line":85,"column":22},"end":{"line":85,"column":23}},"loc":{"start":{"line":85,"column":30},"end":{"line":85,"column":43}},"line":85},"7":{"name":"(anonymous_7)","decl":{"start":{"line":88,"column":32},"end":{"line":88,"column":33}},"loc":{"start":{"line":88,"column":38},"end":{"line":90,"column":5}},"line":88},"8":{"name":"(anonymous_8)","decl":{"start":{"line":99,"column":16},"end":{"line":99,"column":17}},"loc":{"start":{"line":99,"column":22},"end":{"line":109,"column":5}},"line":99},"9":{"name":"(anonymous_9)","decl":{"start":{"line":100,"column":52},"end":{"line":100,"column":53}},"loc":{"start":{"line":100,"column":57},"end":{"line":100,"column":82}},"line":100}},"branchMap":{"0":{"loc":{"start":{"line":29,"column":12},"end":{"line":31,"column":13}},"type":"if","locations":[{"start":{"line":29,"column":12},"end":{"line":31,"column":13}},{"start":{},"end":{}}],"line":29},"1":{"loc":{"start":{"line":62,"column":12},"end":{"line":64,"column":13}},"type":"if","locations":[{"start":{"line":62,"column":12},"end":{"line":64,"column":13}},{"start":{},"end":{}}],"line":62},"2":{"loc":{"start":{"line":100,"column":28},"end":{"line":100,"column":89}},"type":"binary-expr","locations":[{"start":{"line":100,"column":28},"end":{"line":100,"column":83}},{"start":{"line":100,"column":87},"end":{"line":100,"column":89}}],"line":100},"3":{"loc":{"start":{"line":102,"column":23},"end":{"line":102,"column":73}},"type":"binary-expr","locations":[{"start":{"line":102,"column":23},"end":{"line":102,"column":64}},{"start":{"line":102,"column":68},"end":{"line":102,"column":73}}],"line":102},"4":{"loc":{"start":{"line":103,"column":29},"end":{"line":103,"column":79}},"type":"binary-expr","locations":[{"start":{"line":103,"column":29},"end":{"line":103,"column":70}},{"start":{"line":103,"column":74},"end":{"line":103,"column":79}}],"line":103},"5":{"loc":{"start":{"line":104,"column":23},"end":{"line":104,"column":50}},"type":"binary-expr","locations":[{"start":{"line":104,"column":23},"end":{"line":104,"column":44}},{"start":{"line":104,"column":48},"end":{"line":104,"column":50}}],"line":104},"6":{"loc":{"start":{"line":105,"column":24},"end":{"line":105,"column":61}},"type":"binary-expr","locations":[{"start":{"line":105,"column":24},"end":{"line":105,"column":48}},{"start":{"line":105,"column":52},"end":{"line":105,"column":61}}],"line":105},"7":{"loc":{"start":{"line":106,"column":23},"end":{"line":106,"column":56}},"type":"binary-expr","locations":[{"start":{"line":106,"column":23},"end":{"line":106,"column":50}},{"start":{"line":106,"column":54},"end":{"line":106,"column":56}}],"line":106},"8":{"loc":{"start":{"line":107,"column":25},"end":{"line":107,"column":60}},"type":"binary-expr","locations":[{"start":{"line":107,"column":25},"end":{"line":107,"column":54}},{"start":{"line":107,"column":58},"end":{"line":107,"column":60}}],"line":107},"9":{"loc":{"start":{"line":111,"column":4},"end":{"line":117,"column":5}},"type":"if","locations":[{"start":{"line":111,"column":4},"end":{"line":117,"column":5}},{"start":{},"end":{}}],"line":111},"10":{"loc":{"start":{"line":147,"column":34},"end":{"line":147,"column":64}},"type":"binary-expr","locations":[{"start":{"line":147,"column":34},"end":{"line":147,"column":58}},{"start":{"line":147,"column":62},"end":{"line":147,"column":64}}],"line":147},"11":{"loc":{"start":{"line":157,"column":27},"end":{"line":157,"column":50}},"type":"binary-expr","locations":[{"start":{"line":157,"column":27},"end":{"line":157,"column":44}},{"start":{"line":157,"column":48},"end":{"line":157,"column":50}}],"line":157},"12":{"loc":{"start":{"line":169,"column":21},"end":{"line":169,"column":59}},"type":"cond-expr","locations":[{"start":{"line":169,"column":30},"end":{"line":169,"column":41}},{"start":{"line":169,"column":44},"end":{"line":169,"column":59}}],"line":169}},"s":{"0":1,"1":0,"2":0,"3":0,"4":0,"5":0,"6":0,"7":0,"8":0,"9":0,"10":0,"11":0,"12":0,"13":0,"14":0,"15":0,"16":0,"17":0,"18":0,"19":0,"20":0,"21":0,"22":0,"23":0,"24":0,"25":0,"26":0,"27":0,"28":0,"29":0,"30":0,"31":0,"32":0,"33":0,"34":0,"35":0,"36":0,"37":0,"38":0,"39":0,"40":0,"41":0,"42":0},"f":{"0":0,"1":0,"2":0,"3":0,"4":0,"5":0,"6":0,"7":0,"8":0,"9":0},"b":{"0":[0,0],"1":[0,0],"2":[0,0],"3":[0,0],"4":[0,0],"5":[0,0],"6":[0,0],"7":[0,0],"8":[0,0],"9":[0,0],"10":[0,0],"11":[0,0],"12":[0,0]},"_coverageSchema":"1a1c01bbd47fc00a2c39e90264f33305004495a9","hash":"2d598773331a5b25d8d5e056fc327c3bbbbca240"}
,"/home/runner/work/bitvoker/bitvoker/web/src/components/Settings/YamlEditor.jsx": {"path":"/home/runner/work/bitvoker/bitvoker/web/src/components/Settings/YamlEditor.jsx","statementMap":{"0":{"start":{"line":19,"column":42},"end":{"line":25,"column":6}},"1":{"start":{"line":20,"column":8},"end":{"line":24,"column":9}},"2":{"start":{"line":21,"column":12},"end":{"line":21,"column":41}},"3":{"start":{"line":23,"column":12},"end":{"line":23,"column":22}},"4":{"start":{"line":27,"column":38},"end":{"line":27,"column":50}},"5":{"start":{"line":28,"column":46},"end":{"line":28,"column":58}},"6":{"start":{"line":29,"column":38},"end":{"line":29,"column":53}},"7":{"start":{"line":30,"column":50},"end":{"line":30,"column":65}},"8":{"start":{"line":31,"column":29},"end":{"line":31,"column":41}},"9":{"start":{"line":33,"column":29},"end":{"line":41,"column":5}},"10":{"start":{"line":34,"column":8},"end":{"line":34,"column":33}},"11":{"start":{"line":35,"column":8},"end":{"line":40,"column":9}},"12":{"start":{"line":36,"column":12},"end":{"line":36,"column":32}},"13":{"start":{"line":37,"column":12},"end":{"line":37,"column":29}},"14":{"start":{"line":39,"column":12},"end":{"line":39,"column":59}},"15":{"start":{"line":43,"column":30},"end":{"line":49,"column":5}},"16":{"start":{"line":44,"column":8},"end":{"line":48,"column":9}},"17":{"start":{"line":45,"column":12},"end":{"line":45,"column":74}},"18":{"start":{"line":46,"column":12},"end":{"line":46,"column":31}},"19":{"start":{"line":47,"column":12},"end":{"line":47,"column":55}},"20":{"start":{"line":47,"column":29},"end":{"line":47,"column":48}},"21":{"start":{"line":51,"column":4},"end":{"line":70,"column":59}},"22":{"start":{"line":52,"column":8},"end":{"line":52,"column":29}},"23":{"start":{"line":53,"column":8},"end":{"line":69,"column":9}},"24":{"start":{"line":54,"column":31},"end":{"line":54,"column":53}},"25":{"start":{"line":55,"column":12},"end":{"line":66,"column":13}},"26":{"start":{"line":56,"column":16},"end":{"line":62,"column":17}},"27":{"start":{"line":57,"column":34},"end":{"line":57,"column":58}},"28":{"start":{"line":58,"column":20},"end":{"line":61,"column":21}},"29":{"start":{"line":59,"column":24},"end":{"line":59,"column":48}},"30":{"start":{"line":60,"column":24},"end":{"line":60,"column":31}},"31":{"start":{"line":63,"column":16},"end":{"line":65,"column":17}},"32":{"start":{"line":64,"column":20},"end":{"line":64,"column":49}},"33":{"start":{"line":72,"column":4},"end":{"line":191,"column":6}},"34":{"start":{"line":76,"column":36},"end":{"line":76,"column":60}},"35":{"start":{"line":77,"column":36},"end":{"line":77,"column":61}}},"fnMap":{"0":{"name":"YamlEditor","decl":{"start":{"line":9,"column":9},"end":{"line":9,"column":19}},"loc":{"start":{"line":18,"column":3},"end":{"line":192,"column":1}},"line":18},"1":{"name":"(anonymous_1)","decl":{"start":{"line":19,"column":51},"end":{"line":19,"column":52}},"loc":{"start":{"line":19,"column":57},"end":{"line":25,"column":5}},"line":19},"2":{"name":"(anonymous_2)","decl":{"start":{"line":33,"column":29},"end":{"line":33,"column":30}},"loc":{"start":{"line":33,"column":43},"end":{"line":41,"column":5}},"line":33},"3":{"name":"(anonymous_3)","decl":{"start":{"line":43,"column":30},"end":{"line":43,"column":31}},"loc":{"start":{"line":43,"column":36},"end":{"line":49,"column":5}},"line":43},"4":{"name":"(anonymous_4)","decl":{"start":{"line":47,"column":23},"end":{"line":47,"column":24}},"loc":{"start":{"line":47,"column":29},"end":{"line":47,"column":48}},"line":47},"5":{"name":"(anonymous_5)","decl":{"start":{"line":51,"column":14},"end":{"line":51,"column":15}},"loc":{"start":{"line":51,"column":20},"end":{"line":70,"column":5}},"line":51},"6":{"name":"(anonymous_6)","decl":{"start":{"line":76,"column":30},"end":{"line":76,"column":31}},"loc":{"start":{"line":76,"column":36},"end":{"line":76,"column":60}},"line":76},"7":{"name":"(anonymous_7)","decl":{"start":{"line":77,"column":30},"end":{"line":77,"column":31}},"loc":{"start":{"line":77,"column":36},"end":{"line":77,"column":61}},"line":77}},"branchMap":{"0":{"loc":{"start":{"line":14,"column":4},"end":{"line":14,"column":36}},"type":"default-arg","locations":[{"start":{"line":14,"column":12},"end":{"line":14,"column":36}}],"line":14},"1":{"loc":{"start":{"line":15,"column":4},"end":{"line":15,"column":39}},"type":"default-arg","locations":[{"start":{"line":15,"column":21},"end":{"line":15,"column":39}}],"line":15},"2":{"loc":{"start":{"line":16,"column":4},"end":{"line":16,"column":17}},"type":"default-arg","locations":[{"start":{"line":16,"column":15},"end":{"line":16,"column":17}}],"line":16},"3":{"loc":{"start":{"line":17,"column":4},"end":{"line":17,"column":17}},"type":"default-arg","locations":[{"start":{"line":17,"column":15},"end":{"line":17,"column":17}}],"line":17},"4":{"loc":{"start":{"line":21,"column":29},"end":{"line":21,"column":39}},"type":"binary-expr","locations":[{"start":{"line":21,"column":29},"end":{"line":21,"column":33}},{"start":{"line":21,"column":37},"end":{"line":21,"column":39}}],"line":21},"5":{"loc":{"start":{"line":44,"column":8},"end":{"line":48,"column":9}},"type":"if","locations":[{"start":{"line":44,"column":8},"end":{"line":48,"column":9}},{"start":{},"end":{}}],"line":44},"6":{"loc":{"start":{"line":55,"column":12},"end":{"line":66,"column":13}},"type":"if","locations":[{"start":{"line":55,"column":12},"end":{"line":66,"column":13}},{"start":{},"end":{}}],"line":55},"7":{"loc":{"start":{"line":56,"column":16},"end":{"line":62,"column":17}},"type":"if","locations":[{"start":{"line":56,"column":16},"end":{"line":62,"column":17}},{"start":{},"end":{}}],"line":56},"8":{"loc":{"start":{"line":58,"column":20},"end":{"line":61,"column":21}},"type":"if","locations":[{"start":{"line":58,"column":20},"end":{"line":61,"column":21}},{"start":{},"end":{}}],"line":58},"9":{"loc":{"start":{"line":63,"column":16},"end":{"line":65,"column":17}},"type":"if","locations":[{"start":{"line":63,"column":16},"end":{"line":65,"column":17}},{"start":{},"end":{}}],"line":63},"10":{"loc":{"start":{"line":63,"column":20},"end":{"line":63,"column":73}},"type":"binary-expr","locations":[{"start":{"line":63,"column":20},"end":{"line":63,"column":45}},{"start":{"line":63,"column":49},"end":{"line":63,"column":73}}],"line":63},"11":{"loc":{"start":{"line":64,"column":31},"end":{"line":64,"column":47}},"type":"binary-expr","locations":[{"start":{"line":64,"column":31},"end":{"line":64,"column":41}},{"start":{"line":64,"column":45},"end":{"line":64,"column":47}}],"line":64},"12":{"loc":{"start":{"line":84,"column":33},"end":{"line":84,"column":107}},"type":"cond-expr","locations":[{"start":{"line":84,"column":51},"end":{"line":84,"column":77}},{"start":{"line":84,"column":80},"end":{"line":84,"column":107}}],"line":84},"13":{"loc":{"start":{"line":113,"column":39},"end":{"line":113,"column":69}},"type":"binary-expr","locations":[{"start":{"line":113,"column":39},"end":{"line":113,"column":50}},{"start":{"line":113,"column":54},"end":{"line":113,"column":69}}],"line":113},"14":{"loc":{"start":{"line":114,"column":21},"end":{"line":114,"column":90}},"type":"binary-expr","locations":[{"start":{"line":114,"column":21},"end":{"line":114,"column":30}},{"start":{"line":114,"column":34},"end":{"line":114,"column":47}},{"start":{"line":114,"column":51},"end":{"line":114,"column":90}}],"line":114},"15":{"loc":{"start":{"line":149,"column":39},"end":{"line":149,"column":77}},"type":"cond-expr","locations":[{"start":{"line":149,"column":51},"end":{"line":149,"column":64}},{"start":{"line":149,"column":67},"end":{"line":149,"column":77}}],"line":149}},"s":{"0":0,"1":0,"2":0,"3":0,"4":0,"5":0,"6":0,"7":0,"8":0,"9":0,"10":0,"11":0,"12":0,"13":0,"14":0,"15":0,"16":0,"17":0,"18":0,"19":0,"20":0,"21":0,"22":0,"23":0,"24":0,"25":0,"26":0,"27":0,"28":0,"29":0,"30":0,"31":0,"32":0,"33":0,"34":0,"35":0},"f":{"0":0,"1":0,"2":0,"3":0,"4":0,"5":0,"6":0,"7":0},"b":{"0":[0],"1":[0],"2":[0],"3":[0],"4":[0,0],"5":[0,0],"6":[0,0],"7":[0,0],"8":[0,0],"9":[0,0],"10":[0,0],"11":[0,0],"12":[0,0],"13":[0,0],"14":[0,0,0],"15":[0,0]},"_coverageSchema":"1a1c01bbd47fc00a2c39e90264f33305004495a9","hash":"467664939e24a907bb2dd4f2fcfd9dc6ec1aa850"}
}
